<?xml version="1.0" encoding="UTF-8"?>
<!-- Generated by org.testng.reporters.JUnitXMLReporter -->
<testsuite ignored="0" hostname="DELL" failures="0" tests="4" name="Command line test" time="25.75" errors="0" timestamp="2023-03-03T21:36:27 ICT">
  <testcase classname="test.TestCalculator" name="testAdd" time="4.326"/>
  <testcase classname="test.TestCalculator" name="testMul" time="3.297"/>
  <testcase classname="test.TestCalculator" name="testSub" time="3.165"/>
  <testcase classname="test.TestCalculator" name="testDiv" time="3.26"/>
</testsuite> <!-- Command line test -->
