<?xml version="1.0" encoding="UTF-8"?>
<testng-results ignored="0" total="4" passed="4" failed="0" skipped="0">
  <reporter-output>
  </reporter-output>
  <suite started-at="2023-03-03T21:36:01 ICT" name="test.TestCalculator" finished-at="2023-03-03T21:36:27 ICT" duration-ms="25750">
    <groups>
    </groups>
    <test started-at="2023-03-03T21:36:01 ICT" name="Command line test" finished-at="2023-03-03T21:36:27 ICT" duration-ms="25750">
      <class name="test.TestCalculator">
        <test-method is-config="true" signature="setUp()[pri:0, instance:test.TestCalculator@4009e306]" started-at="2023-03-03T21:36:01 ICT" name="setUp" finished-at="2023-03-03T21:36:12 ICT" duration-ms="10965" status="PASS">
          <reporter-output>
          </reporter-output>
        </test-method> <!-- setUp -->
        <test-method is-config="true" signature="pageObject()[pri:0, instance:test.TestCalculator@4009e306]" started-at="2023-03-03T21:36:12 ICT" name="pageObject" finished-at="2023-03-03T21:36:12 ICT" duration-ms="183" status="PASS">
          <reporter-output>
          </reporter-output>
        </test-method> <!-- pageObject -->
        <test-method signature="testAdd()[pri:1, instance:test.TestCalculator@4009e306]" started-at="2023-03-03T21:36:12 ICT" name="testAdd" finished-at="2023-03-03T21:36:17 ICT" duration-ms="4326" status="PASS">
          <reporter-output>
          </reporter-output>
        </test-method> <!-- testAdd -->
        <test-method is-config="true" signature="pageObject()[pri:0, instance:test.TestCalculator@4009e306]" started-at="2023-03-03T21:36:17 ICT" name="pageObject" finished-at="2023-03-03T21:36:17 ICT" duration-ms="3" status="PASS">
          <reporter-output>
          </reporter-output>
        </test-method> <!-- pageObject -->
        <test-method signature="testMul()[pri:2, instance:test.TestCalculator@4009e306]" started-at="2023-03-03T21:36:17 ICT" name="testMul" finished-at="2023-03-03T21:36:20 ICT" duration-ms="3297" status="PASS">
          <reporter-output>
          </reporter-output>
        </test-method> <!-- testMul -->
        <test-method is-config="true" signature="pageObject()[pri:0, instance:test.TestCalculator@4009e306]" started-at="2023-03-03T21:36:20 ICT" name="pageObject" finished-at="2023-03-03T21:36:20 ICT" duration-ms="1" status="PASS">
          <reporter-output>
          </reporter-output>
        </test-method> <!-- pageObject -->
        <test-method signature="testSub()[pri:3, instance:test.TestCalculator@4009e306]" started-at="2023-03-03T21:36:20 ICT" name="testSub" finished-at="2023-03-03T21:36:23 ICT" duration-ms="3165" status="PASS">
          <reporter-output>
          </reporter-output>
        </test-method> <!-- testSub -->
        <test-method is-config="true" signature="pageObject()[pri:0, instance:test.TestCalculator@4009e306]" started-at="2023-03-03T21:36:23 ICT" name="pageObject" finished-at="2023-03-03T21:36:23 ICT" duration-ms="1" status="PASS">
          <reporter-output>
          </reporter-output>
        </test-method> <!-- pageObject -->
        <test-method signature="testDiv()[pri:4, instance:test.TestCalculator@4009e306]" started-at="2023-03-03T21:36:23 ICT" name="testDiv" finished-at="2023-03-03T21:36:27 ICT" duration-ms="3260" status="PASS">
          <reporter-output>
          </reporter-output>
        </test-method> <!-- testDiv -->
        <test-method is-config="true" signature="closeApp()[pri:0, instance:test.TestCalculator@4009e306]" started-at="2023-03-03T21:36:27 ICT" name="closeApp" finished-at="2023-03-03T21:36:27 ICT" duration-ms="496" status="PASS">
          <reporter-output>
          </reporter-output>
        </test-method> <!-- closeApp -->
      </class> <!-- test.TestCalculator -->
    </test> <!-- Command line test -->
  </suite> <!-- test.TestCalculator -->
</testng-results>
